2026-04-23 13:37:27,924 - freqtrade.loggers - INFO - Enabling colorized output.
2026-04-23 13:37:27,925 - freqtrade.loggers - INFO - Logfile configured
2026-04-23 13:37:27,925 - freqtrade.loggers - INFO - Verbosity set to 0
2026-04-23 13:37:27,925 - freqtrade.configuration.configuration - INFO - Using additional Strategy lookup path: /Users/ame/2605dev/Auto-Quant/user_data/strategies
2026-04-23 13:37:27,925 - freqtrade.configuration.configuration - INFO - Using max_open_trades: 2 ...
2026-04-23 13:37:27,926 - freqtrade.configuration.configuration - INFO - Parameter --timerange detected: 20230101-20251231 ...
2026-04-23 13:37:27,926 - freqtrade.configuration.configuration - INFO - Using user-data directory: /Users/ame/2605dev/Auto-Quant/user_data ...
2026-04-23 13:37:27,926 - freqtrade.configuration.configuration - INFO - Using data directory: /Users/ame/2605dev/Auto-Quant/user_data/data ...
2026-04-23 13:37:27,926 - freqtrade.configuration.configuration - INFO - Parameter --export detected: none ...
2026-04-23 13:37:27,926 - freqtrade.configuration.configuration - INFO - Filter trades by timerange: 20230101-20251231
2026-04-23 13:37:27,927 - freqtrade.exchange.check_exchange - INFO - Checking exchange...
2026-04-23 13:37:27,931 - freqtrade.exchange.check_exchange - INFO - Exchange "binance" is officially supported by the Freqtrade development team.
2026-04-23 13:37:27,932 - freqtrade.configuration.configuration - INFO - Using pairlist from configuration.
2026-04-23 13:37:27,932 - freqtrade.exchange.exchange - INFO - Instance is running with dry_run enabled
2026-04-23 13:37:27,932 - freqtrade.exchange.exchange - INFO - Using CCXT 4.5.50
2026-04-23 13:37:27,939 - freqtrade.exchange.exchange - INFO - Using Exchange "Binance"
2026-04-23 13:37:28,600 - freqtrade.resolvers.exchange_resolver - INFO - Using resolved exchange 'Binance'...
2026-04-23 13:37:28,606 - freqtrade.resolvers.iresolver - INFO - Using resolved strategy MACDMomentum from '/Users/ame/2605dev/Auto-Quant/user_data/strategies/MACDMomentum.py'...
2026-04-23 13:37:28,606 - freqtrade.strategy.hyper - INFO - Found no parameter file.
2026-04-23 13:37:28,606 - freqtrade.resolvers.strategy_resolver - INFO - Override strategy 'timeframe' with value from the configuration: 1h.
2026-04-23 13:37:28,606 - freqtrade.resolvers.strategy_resolver - INFO - Override strategy 'stake_currency' with value from the configuration: USDT.
2026-04-23 13:37:28,606 - freqtrade.resolvers.strategy_resolver - INFO - Override strategy 'stake_amount' with value from the configuration: unlimited.
2026-04-23 13:37:28,607 - freqtrade.resolvers.strategy_resolver - INFO - Override strategy 'unfilledtimeout' with value from the configuration: {'entry': 10, 'exit': 10, 'exit_timeout_count': 0, 
'unit': 'minutes'}.
2026-04-23 13:37:28,607 - freqtrade.resolvers.strategy_resolver - INFO - Override strategy 'max_open_trades' with value from the configuration: 2.
2026-04-23 13:37:28,607 - freqtrade.resolvers.strategy_resolver - INFO - Strategy using minimal_roi: {'0': 100}
2026-04-23 13:37:28,607 - freqtrade.resolvers.strategy_resolver - INFO - Strategy using timeframe: 1h
2026-04-23 13:37:28,607 - freqtrade.resolvers.strategy_resolver - INFO - Strategy using stoploss: -0.99
2026-04-23 13:37:28,607 - freqtrade.resolvers.strategy_resolver - INFO - Strategy using trailing_stop: False
2026-04-23 13:37:28,607 - freqtrade.resolvers.strategy_resolver - INFO - Strategy using trailing_stop_positive_offset: 0.0
2026-04-23 13:37:28,607 - freqtrade.resolvers.strategy_resolver - INFO - Strategy using trailing_only_offset_is_reached: False
2026-04-23 13:37:28,607 - freqtrade.resolvers.strategy_resolver - INFO - Strategy using use_custom_stoploss: False
2026-04-23 13:37:28,607 - freqtrade.resolvers.strategy_resolver - INFO - Strategy using process_only_new_candles: True
2026-04-23 13:37:28,607 - freqtrade.resolvers.strategy_resolver - INFO - Strategy using order_types: {'entry': 'limit', 'exit': 'limit', 'stoploss': 'limit', 'stoploss_on_exchange': False, 
'stoploss_on_exchange_interval': 60}
2026-04-23 13:37:28,608 - freqtrade.resolvers.strategy_resolver - INFO - Strategy using order_time_in_force: {'entry': 'GTC', 'exit': 'GTC'}
2026-04-23 13:37:28,608 - freqtrade.resolvers.strategy_resolver - INFO - Strategy using stake_currency: USDT
2026-04-23 13:37:28,608 - freqtrade.resolvers.strategy_resolver - INFO - Strategy using stake_amount: unlimited
2026-04-23 13:37:28,608 - freqtrade.resolvers.strategy_resolver - INFO - Strategy using startup_candle_count: 210
2026-04-23 13:37:28,608 - freqtrade.resolvers.strategy_resolver - INFO - Strategy using unfilledtimeout: {'entry': 10, 'exit': 10, 'exit_timeout_count': 0, 'unit': 'minutes'}
2026-04-23 13:37:28,608 - freqtrade.resolvers.strategy_resolver - INFO - Strategy using use_exit_signal: True
2026-04-23 13:37:28,608 - freqtrade.resolvers.strategy_resolver - INFO - Strategy using exit_profit_only: False
2026-04-23 13:37:28,608 - freqtrade.resolvers.strategy_resolver - INFO - Strategy using ignore_roi_if_entry_signal: False
2026-04-23 13:37:28,608 - freqtrade.resolvers.strategy_resolver - INFO - Strategy using exit_profit_offset: 0.0
2026-04-23 13:37:28,608 - freqtrade.resolvers.strategy_resolver - INFO - Strategy using disable_dataframe_checks: False
2026-04-23 13:37:28,608 - freqtrade.resolvers.strategy_resolver - INFO - Strategy using ignore_buying_expired_candle_after: 0
2026-04-23 13:37:28,608 - freqtrade.resolvers.strategy_resolver - INFO - Strategy using position_adjustment_enable: False
2026-04-23 13:37:28,608 - freqtrade.resolvers.strategy_resolver - INFO - Strategy using max_entry_position_adjustment: -1
2026-04-23 13:37:28,609 - freqtrade.resolvers.strategy_resolver - INFO - Strategy using max_open_trades: 2
2026-04-23 13:37:28,609 - freqtrade.configuration.config_validation - INFO - Validating configuration ...
2026-04-23 13:37:28,612 - freqtrade.resolvers.iresolver - INFO - Using resolved pairlist StaticPairList from 
'/Users/ame/2605dev/Auto-Quant/.venv/lib/python3.11/site-packages/freqtrade/plugins/pairlist/StaticPairList.py'...
2026-04-23 13:37:28,616 - freqtrade.optimize.backtesting - INFO - Using fee 0.1000% from config.
2026-04-23 13:37:28,655 - freqtrade.data.history.datahandlers.idatahandler - WARNING - BTC/USDT, spot, 1h, data starts at 2023-01-01 00:00:00
2026-04-23 13:37:28,670 - freqtrade.data.history.datahandlers.idatahandler - WARNING - ETH/USDT, spot, 1h, data starts at 2023-01-01 00:00:00
2026-04-23 13:37:28,678 - freqtrade.optimize.backtesting - INFO - Loading data from 2023-01-01 00:00:00 up to 2025-12-31 00:00:00 (1095 days).
2026-04-23 13:37:28,678 - freqtrade.configuration.timerange - WARNING - Moving start-date by 210 candles to account for startup time.
2026-04-23 13:37:29,071 - freqtrade.optimize.backtesting - INFO - Dataload complete. Calculating indicators
2026-04-23 13:37:29,072 - freqtrade.optimize.backtesting - INFO - Running backtesting for Strategy MACDMomentum
2026-04-23 13:37:29,079 - freqtrade.optimize.backtesting - INFO - Backtesting with data from 2023-01-09 18:00:00 up to 2025-12-31 00:00:00 (1086 days).
Discovered 3 strategies: MACDMomentum, MeanRevBB, TrendEMAStack
Timerange: 20230101-20251231  Pairs: BTC/USDT,ETH/USDT

Result for strategy MACDMomentum
                                             BACKTESTING REPORT                                              
┏━━━━━━━━━━┳━━━━━━━━┳━━━━━━━━━━━━━━┳━━━━━━━━━━━━━━━━━┳━━━━━━━━━━━━━━┳━━━━━━━━━━━━━━┳━━━━━━━━━━━━━━━━━━━━━━━━┓
┃     Pair ┃ Trades ┃ Avg Profit % ┃ Tot Profit USDT ┃ Tot Profit % ┃ Avg Duration ┃  Win  Draw  Loss  Win% ┃
┡━━━━━━━━━━╇━━━━━━━━╇━━━━━━━━━━━━━━╇━━━━━━━━━━━━━━━━━╇━━━━━━━━━━━━━━╇━━━━━━━━━━━━━━╇━━━━━━━━━━━━━━━━━━━━━━━━┩
│ ETH/USDT │     95 │         0.97 │        6929.751 │         69.3 │     15:27:00 │   39     0    56  41.1 │
│ BTC/USDT │     94 │         0.59 │        3089.068 │        30.89 │     16:34:00 │   41     0    53  43.6 │
│    TOTAL │    189 │         0.78 │       10018.819 │       100.19 │     16:01:00 │   80     0   109  42.3 │
└──────────┴────────┴──────────────┴─────────────────┴──────────────┴──────────────┴────────────────────────┘
                                         LEFT OPEN TRADES REPORT                                          
┏━━━━━━━┳━━━━━━━━┳━━━━━━━━━━━━━━┳━━━━━━━━━━━━━━━━━┳━━━━━━━━━━━━━━┳━━━━━━━━━━━━━━┳━━━━━━━━━━━━━━━━━━━━━━━━┓
┃  Pair ┃ Trades ┃ Avg Profit % ┃ Tot Profit USDT ┃ Tot Profit % ┃ Avg Duration ┃  Win  Draw  Loss  Win% ┃
┡━━━━━━━╇━━━━━━━━╇━━━━━━━━━━━━━━╇━━━━━━━━━━━━━━━━━╇━━━━━━━━━━━━━━╇━━━━━━━━━━━━━━╇━━━━━━━━━━━━━━━━━━━━━━━━┩
│ TOTAL │      0 │          0.0 │           0.000 │          0.0 │         0:00 │    0     0     0     0 │
└───────┴────────┴──────────────┴─────────────────┴──────────────┴──────────────┴────────────────────────┘
                                                ENTER TAG STATS                                                
┏━━━━━━━━━━━┳━━━━━━━━━┳━━━━━━━━━━━━━━┳━━━━━━━━━━━━━━━━━┳━━━━━━━━━━━━━━┳━━━━━━━━━━━━━━┳━━━━━━━━━━━━━━━━━━━━━━━━┓
┃ Enter Tag ┃ Entries ┃ Avg Profit % ┃ Tot Profit USDT ┃ Tot Profit % ┃ Avg Duration ┃  Win  Draw  Loss  Win% ┃
┡━━━━━━━━━━━╇━━━━━━━━━╇━━━━━━━━━━━━━━╇━━━━━━━━━━━━━━━━━╇━━━━━━━━━━━━━━╇━━━━━━━━━━━━━━╇━━━━━━━━━━━━━━━━━━━━━━━━┩
│     OTHER │     189 │         0.78 │       10018.819 │       100.19 │     16:01:00 │   80     0   109  42.3 │
│     TOTAL │     189 │         0.78 │       10018.819 │       100.19 │     16:01:00 │   80     0   109  42.3 │
└───────────┴─────────┴──────────────┴─────────────────┴──────────────┴──────────────┴────────────────────────┘
                                               EXIT REASON STATS                                               
┏━━━━━━━━━━━━━┳━━━━━━━┳━━━━━━━━━━━━━━┳━━━━━━━━━━━━━━━━━┳━━━━━━━━━━━━━━┳━━━━━━━━━━━━━━┳━━━━━━━━━━━━━━━━━━━━━━━━┓
┃ Exit Reason ┃ Exits ┃ Avg Profit % ┃ Tot Profit USDT ┃ Tot Profit % ┃ Avg Duration ┃  Win  Draw  Loss  Win% ┃
┡━━━━━━━━━━━━━╇━━━━━━━╇━━━━━━━━━━━━━━╇━━━━━━━━━━━━━━━━━╇━━━━━━━━━━━━━━╇━━━━━━━━━━━━━━╇━━━━━━━━━━━━━━━━━━━━━━━━┩
│ exit_signal │   189 │         0.78 │       10018.819 │       100.19 │     16:01:00 │   80     0   109  42.3 │
│       TOTAL │   189 │         0.78 │       10018.819 │       100.19 │     16:01:00 │   80     0   109  42.3 │
└─────────────┴───────┴──────────────┴─────────────────┴──────────────┴──────────────┴────────────────────────┘
                                                      MIXED TAG STATS                                                       
┏━━━━━━━━━━━┳━━━━━━━━━━━━━┳━━━━━━━━┳━━━━━━━━━━━━━━┳━━━━━━━━━━━━━━━━━┳━━━━━━━━━━━━━━┳━━━━━━━━━━━━━━┳━━━━━━━━━━━━━━━━━━━━━━━━┓
┃ Enter Tag ┃ Exit Reason ┃ Trades ┃ Avg Profit % ┃ Tot Profit USDT ┃ Tot Profit % ┃ Avg Duration ┃  Win  Draw  Loss  Win% ┃
┡━━━━━━━━━━━╇━━━━━━━━━━━━━╇━━━━━━━━╇━━━━━━━━━━━━━━╇━━━━━━━━━━━━━━━━━╇━━━━━━━━━━━━━━╇━━━━━━━━━━━━━━╇━━━━━━━━━━━━━━━━━━━━━━━━┩
│           │ exit_signal │    189 │         0.78 │       10018.819 │       100.19 │     16:01:00 │   80     0   109  42.3 │
│     TOTAL │             │    189 │         0.78 │       10018.819 │       100.19 │     16:01:00 │   80     0   109  42.3 │
└───────────┴─────────────┴────────┴──────────────┴─────────────────┴──────────────┴──────────────┴────────────────────────┘
                         SUMMARY METRICS                          
┏━━━━━━━━━━━━━━━━━━━━━━━━━━━━━━━┳━━━━━━━━━━━━━━━━━━━━━━━━━━━━━━━━┓
┃ Metric                        ┃ Value                          ┃
┡━━━━━━━━━━━━━━━━━━━━━━━━━━━━━━━╇━━━━━━━━━━━━━━━━━━━━━━━━━━━━━━━━┩
│ Backtesting from              │ 2023-01-09 18:00:00            │
│ Backtesting to                │ 2025-12-31 00:00:00            │
│ Trading Mode                  │ Spot                           │
│ Max open trades               │ 2                              │
│                               │                                │
│ Total/Daily Avg Trades        │ 189 / 0.17                     │
│ Starting balance              │ 10000 USDT                     │
│ Final balance                 │ 20018.819 USDT                 │
│ Absolute profit               │ 10018.819 USDT                 │
│ Total profit %                │ 100.19%                        │
│ CAGR %                        │ 26.27%                         │
│ Sortino                       │ 2.52                           │
│ Sharpe                        │ 0.67                           │
│ Calmar                        │ 34.32                          │
│ SQN                           │ 2.75                           │
│ Profit factor                 │ 2.11                           │
│ Expectancy (Ratio)            │ 53.01 (0.64)                   │
│ Avg. daily profit             │ 9.225 USDT                     │
│ Avg. stake amount             │ 7313.582 USDT                  │
│ Total trade volume            │ 2780107.657 USDT               │
│                               │                                │
│ Best Pair                     │ ETH/USDT 69.30%                │
│ Worst Pair                    │ BTC/USDT 30.89%                │
│ Best trade                    │ ETH/USDT 24.54%                │
│ Worst trade                   │ BTC/USDT -4.71%                │
│ Best day                      │ 2403.621 USDT                  │
│ Worst day                     │ -484.568 USDT                  │
│ Days win/draw/lose            │ 64 / 931 / 89                  │
│ Min/Max/Avg. Duration Winners │ 0d 12:00 / 2d 08:00 / 1d 01:51 │
│ Min/Max/Avg. Duration Losers  │ 0d 01:00 / 1d 00:00 / 0d 08:47 │
│ Max Consecutive Wins / Loss   │ 5 / 14                         │
│ Rejected Entry signals        │ 0                              │
│ Entry/Exit Timeouts           │ 0 / 0                          │
│                               │                                │
│ Min balance                   │ 9561.114 USDT                  │
│ Max balance                   │ 21102.526 USDT                 │
│ Max % of account underwater   │ 10.11%                         │
│ Absolute drawdown             │ 1083.707 USDT (5.14%)          │
│ Drawdown duration             │ 137 days 20:00:00              │
│ Profit at drawdown start      │ 11102.526 USDT                 │
│ Profit at drawdown end        │ 10018.819 USDT                 │
│ Drawdown start                │ 2025-08-13 16:00:00            │
│ Drawdown end                  │ 2025-12-29 12:00:00            │
│ Market change                 │ 265.43%                        │
└───────────────────────────────┴────────────────────────────────┘

Backtested 2023-01-09 18:00:00 -> 2025-12-31 00:00:00 | Max open trades : 2
                                                            STRATEGY SUMMARY                                                            
┏━━━━━━━━━━━━━━┳━━━━━━━━┳━━━━━━━━━━━━━━┳━━━━━━━━━━━━━━━━━┳━━━━━━━━━━━━━━┳━━━━━━━━━━━━━━┳━━━━━━━━━━━━━━━━━━━━━━━━┳━━━━━━━━━━━━━━━━━━━━━━┓
┃     Strategy ┃ Trades ┃ Avg Profit % ┃ Tot Profit USDT ┃ Tot Profit % ┃ Avg Duration ┃  Win  Draw  Loss  Win% ┃             Drawdown ┃
┡━━━━━━━━━━━━━━╇━━━━━━━━╇━━━━━━━━━━━━━━╇━━━━━━━━━━━━━━━━━╇━━━━━━━━━━━━━━╇━━━━━━━━━━━━━━╇━━━━━━━━━━━━━━━━━━━━━━━━╇━━━━━━━━━━━━━━━━━━━━━━┩
│ MACDMomentum │    189 │         0.78 │       10018.819 │       100.19 │     16:01:00 │   80     0   109  42.3 │ 1083.707 USDT  5.14% │
└──────────────┴────────┴──────────────┴─────────────────┴──────────────┴──────────────┴────────────────────────┴──────────────────────┘
2026-04-23 13:37:29,695 - freqtrade.configuration.load_config - INFO - Using config: /Users/ame/2605dev/Auto-Quant/config.json ...
2026-04-23 13:37:29,696 - freqtrade.loggers - INFO - Enabling colorized output.
2026-04-23 13:37:29,697 - freqtrade.loggers - INFO - Logfile configured
2026-04-23 13:37:29,697 - freqtrade.loggers - INFO - Verbosity set to 0
2026-04-23 13:37:29,697 - freqtrade.configuration.configuration - INFO - Using additional Strategy lookup path: /Users/ame/2605dev/Auto-Quant/user_data/strategies
2026-04-23 13:37:29,697 - freqtrade.configuration.configuration - INFO - Using max_open_trades: 2 ...
2026-04-23 13:37:29,697 - freqtrade.configuration.configuration - INFO - Parameter --timerange detected: 20230101-20251231 ...
2026-04-23 13:37:29,697 - freqtrade.configuration.configuration - INFO - Using user-data directory: /Users/ame/2605dev/Auto-Quant/user_data ...
2026-04-23 13:37:29,697 - freqtrade.configuration.configuration - INFO - Using data directory: /Users/ame/2605dev/Auto-Quant/user_data/data ...
2026-04-23 13:37:29,697 - freqtrade.configuration.configuration - INFO - Parameter --export detected: none ...
2026-04-23 13:37:29,698 - freqtrade.configuration.configuration - INFO - Filter trades by timerange: 20230101-20251231
2026-04-23 13:37:29,698 - freqtrade.exchange.check_exchange - INFO - Checking exchange...
2026-04-23 13:37:29,701 - freqtrade.exchange.check_exchange - INFO - Exchange "binance" is officially supported by the Freqtrade development team.
2026-04-23 13:37:29,701 - freqtrade.configuration.configuration - INFO - Using pairlist from configuration.
2026-04-23 13:37:29,701 - freqtrade.exchange.exchange - INFO - Instance is running with dry_run enabled
2026-04-23 13:37:29,701 - freqtrade.exchange.exchange - INFO - Using CCXT 4.5.50
2026-04-23 13:37:29,709 - freqtrade.exchange.exchange - INFO - Using Exchange "Binance"
2026-04-23 13:37:30,159 - ccxt.base.exchange - WARNING - binance requires to release all resources with an explicit call to the .close() coroutine. If you are using the exchange instance with async 
coroutines, add `await exchange.close()` to your code into a place when you're done with the exchange and don't need the exchange instance anymore (at the end of your async coroutine).
2026-04-23 13:37:30,160 - asyncio - ERROR - Unclosed connector
connections: ['deque([(<aiohttp.client_proto.ResponseHandler object at 0x12185f690>, 2140323.865673458)])', 'deque([(<aiohttp.client_proto.ResponseHandler object at 0x12185f540>, 
2140323.902511041)])', 'deque([(<aiohttp.client_proto.ResponseHandler object at 0x12185f9a0>, 2140324.025281166)])']
connector: <aiohttp.connector.TCPConnector object at 0x121892e90>
2026-04-23 13:37:30,449 - freqtrade.resolvers.exchange_resolver - INFO - Using resolved exchange 'Binance'...
2026-04-23 13:37:30,450 - freqtrade.resolvers.iresolver - INFO - Using resolved strategy MeanRevBB from '/Users/ame/2605dev/Auto-Quant/user_data/strategies/MeanRevBB.py'...
2026-04-23 13:37:30,451 - freqtrade.strategy.hyper - INFO - Found no parameter file.
2026-04-23 13:37:30,451 - freqtrade.resolvers.strategy_resolver - INFO - Override strategy 'timeframe' with value from the configuration: 1h.
2026-04-23 13:37:30,451 - freqtrade.resolvers.strategy_resolver - INFO - Override strategy 'stake_currency' with value from the configuration: USDT.
2026-04-23 13:37:30,451 - freqtrade.resolvers.strategy_resolver - INFO - Override strategy 'stake_amount' with value from the configuration: unlimited.
2026-04-23 13:37:30,451 - freqtrade.resolvers.strategy_resolver - INFO - Override strategy 'unfilledtimeout' with value from the configuration: {'entry': 10, 'exit': 10, 'exit_timeout_count': 0, 
'unit': 'minutes'}.
2026-04-23 13:37:30,451 - freqtrade.resolvers.strategy_resolver - INFO - Override strategy 'max_open_trades' with value from the configuration: 2.
2026-04-23 13:37:30,451 - freqtrade.resolvers.strategy_resolver - INFO - Strategy using minimal_roi: {'0': 100}
2026-04-23 13:37:30,451 - freqtrade.resolvers.strategy_resolver - INFO - Strategy using timeframe: 1h
2026-04-23 13:37:30,452 - freqtrade.resolvers.strategy_resolver - INFO - Strategy using stoploss: -0.99
2026-04-23 13:37:30,452 - freqtrade.resolvers.strategy_resolver - INFO - Strategy using trailing_stop: False
2026-04-23 13:37:30,452 - freqtrade.resolvers.strategy_resolver - INFO - Strategy using trailing_stop_positive_offset: 0.0
2026-04-23 13:37:30,452 - freqtrade.resolvers.strategy_resolver - INFO - Strategy using trailing_only_offset_is_reached: False
2026-04-23 13:37:30,452 - freqtrade.resolvers.strategy_resolver - INFO - Strategy using use_custom_stoploss: False
2026-04-23 13:37:30,452 - freqtrade.resolvers.strategy_resolver - INFO - Strategy using process_only_new_candles: True
2026-04-23 13:37:30,452 - freqtrade.resolvers.strategy_resolver - INFO - Strategy using order_types: {'entry': 'limit', 'exit': 'limit', 'stoploss': 'limit', 'stoploss_on_exchange': False, 
'stoploss_on_exchange_interval': 60, 'emergency_exit': 'market'}
2026-04-23 13:37:30,452 - freqtrade.resolvers.strategy_resolver - INFO - Strategy using order_time_in_force: {'entry': 'GTC', 'exit': 'GTC'}
2026-04-23 13:37:30,452 - freqtrade.resolvers.strategy_resolver - INFO - Strategy using stake_currency: USDT
2026-04-23 13:37:30,452 - freqtrade.resolvers.strategy_resolver - INFO - Strategy using stake_amount: unlimited
2026-04-23 13:37:30,452 - freqtrade.resolvers.strategy_resolver - INFO - Strategy using startup_candle_count: 210
2026-04-23 13:37:30,453 - freqtrade.resolvers.strategy_resolver - INFO - Strategy using unfilledtimeout: {'entry': 10, 'exit': 10, 'exit_timeout_count': 0, 'unit': 'minutes'}
2026-04-23 13:37:30,453 - freqtrade.resolvers.strategy_resolver - INFO - Strategy using use_exit_signal: True
2026-04-23 13:37:30,453 - freqtrade.resolvers.strategy_resolver - INFO - Strategy using exit_profit_only: False
2026-04-23 13:37:30,453 - freqtrade.resolvers.strategy_resolver - INFO - Strategy using ignore_roi_if_entry_signal: False
2026-04-23 13:37:30,453 - freqtrade.resolvers.strategy_resolver - INFO - Strategy using exit_profit_offset: 0.0
2026-04-23 13:37:30,453 - freqtrade.resolvers.strategy_resolver - INFO - Strategy using disable_dataframe_checks: False
2026-04-23 13:37:30,453 - freqtrade.resolvers.strategy_resolver - INFO - Strategy using ignore_buying_expired_candle_after: 0
2026-04-23 13:37:30,453 - freqtrade.resolvers.strategy_resolver - INFO - Strategy using position_adjustment_enable: False
2026-04-23 13:37:30,453 - freqtrade.resolvers.strategy_resolver - INFO - Strategy using max_entry_position_adjustment: -1
2026-04-23 13:37:30,453 - freqtrade.resolvers.strategy_resolver - INFO - Strategy using max_open_trades: 2
2026-04-23 13:37:30,453 - freqtrade.configuration.config_validation - INFO - Validating configuration ...
2026-04-23 13:37:30,456 - freqtrade.resolvers.iresolver - INFO - Using resolved pairlist StaticPairList from 
'/Users/ame/2605dev/Auto-Quant/.venv/lib/python3.11/site-packages/freqtrade/plugins/pairlist/StaticPairList.py'...
2026-04-23 13:37:30,460 - freqtrade.optimize.backtesting - INFO - Using fee 0.1000% from config.
2026-04-23 13:37:30,465 - freqtrade.data.history.datahandlers.idatahandler - WARNING - BTC/USDT, spot, 1h, data starts at 2023-01-01 00:00:00
2026-04-23 13:37:30,477 - freqtrade.data.history.datahandlers.idatahandler - WARNING - ETH/USDT, spot, 1h, data starts at 2023-01-01 00:00:00
2026-04-23 13:37:30,485 - freqtrade.optimize.backtesting - INFO - Loading data from 2023-01-01 00:00:00 up to 2025-12-31 00:00:00 (1095 days).
2026-04-23 13:37:30,485 - freqtrade.configuration.timerange - WARNING - Moving start-date by 210 candles to account for startup time.
2026-04-23 13:37:30,882 - freqtrade.optimize.backtesting - INFO - Dataload complete. Calculating indicators
2026-04-23 13:37:30,883 - freqtrade.optimize.backtesting - INFO - Running backtesting for Strategy MeanRevBB
2026-04-23 13:37:30,890 - freqtrade.optimize.backtesting - INFO - Backtesting with data from 2023-01-09 18:00:00 up to 2025-12-31 00:00:00 (1086 days).
---
strategy:         MACDMomentum
commit:           99ee42c
timerange:        20230101-20251231
sharpe:           0.6664
sortino:          2.5215
calmar:           34.3207
total_profit_pct: 100.1882
max_drawdown_pct: -5.1354
trade_count:      189
win_rate_pct:     42.3280
profit_factor:    2.1113
pairs:            BTC/USDT,ETH/USDT

Result for strategy MeanRevBB
                                               BACKTESTING REPORT                                                
┏━━━━━━━━━━┳━━━━━━━━┳━━━━━━━━━━━━━━┳━━━━━━━━━━━━━━━━━┳━━━━━━━━━━━━━━┳━━━━━━━━━━━━━━━━━━┳━━━━━━━━━━━━━━━━━━━━━━━━┓
┃     Pair ┃ Trades ┃ Avg Profit % ┃ Tot Profit USDT ┃ Tot Profit % ┃     Avg Duration ┃  Win  Draw  Loss  Win% ┃
┡━━━━━━━━━━╇━━━━━━━━╇━━━━━━━━━━━━━━╇━━━━━━━━━━━━━━━━━╇━━━━━━━━━━━━━━╇━━━━━━━━━━━━━━━━━━╇━━━━━━━━━━━━━━━━━━━━━━━━┩
│ BTC/USDT │     66 │         1.79 │       10049.337 │       100.49 │ 7 days, 11:18:00 │   49     0    17  74.2 │
│ ETH/USDT │     64 │         1.22 │        4754.725 │        47.55 │  8 days, 4:48:00 │   43     0    21  67.2 │
│    TOTAL │    130 │         1.51 │       14804.061 │       148.04 │ 7 days, 19:55:00 │   92     0    38  70.8 │
└──────────┴────────┴──────────────┴─────────────────┴──────────────┴──────────────────┴────────────────────────┘
                                         LEFT OPEN TRADES REPORT                                          
┏━━━━━━━┳━━━━━━━━┳━━━━━━━━━━━━━━┳━━━━━━━━━━━━━━━━━┳━━━━━━━━━━━━━━┳━━━━━━━━━━━━━━┳━━━━━━━━━━━━━━━━━━━━━━━━┓
┃  Pair ┃ Trades ┃ Avg Profit % ┃ Tot Profit USDT ┃ Tot Profit % ┃ Avg Duration ┃  Win  Draw  Loss  Win% ┃
┡━━━━━━━╇━━━━━━━━╇━━━━━━━━━━━━━━╇━━━━━━━━━━━━━━━━━╇━━━━━━━━━━━━━━╇━━━━━━━━━━━━━━╇━━━━━━━━━━━━━━━━━━━━━━━━┩
│ TOTAL │      0 │          0.0 │           0.000 │          0.0 │         0:00 │    0     0     0     0 │
└───────┴────────┴──────────────┴─────────────────┴──────────────┴──────────────┴────────────────────────┘
                                                  ENTER TAG STATS                                                  
┏━━━━━━━━━━━┳━━━━━━━━━┳━━━━━━━━━━━━━━┳━━━━━━━━━━━━━━━━━┳━━━━━━━━━━━━━━┳━━━━━━━━━━━━━━━━━━┳━━━━━━━━━━━━━━━━━━━━━━━━┓
┃ Enter Tag ┃ Entries ┃ Avg Profit % ┃ Tot Profit USDT ┃ Tot Profit % ┃     Avg Duration ┃  Win  Draw  Loss  Win% ┃
┡━━━━━━━━━━━╇━━━━━━━━━╇━━━━━━━━━━━━━━╇━━━━━━━━━━━━━━━━━╇━━━━━━━━━━━━━━╇━━━━━━━━━━━━━━━━━━╇━━━━━━━━━━━━━━━━━━━━━━━━┩
│     OTHER │     130 │         1.51 │       14804.061 │       148.04 │ 7 days, 19:55:00 │   92     0    38  70.8 │
│     TOTAL │     130 │         1.51 │       14804.061 │       148.04 │ 7 days, 19:55:00 │   92     0    38  70.8 │
└───────────┴─────────┴──────────────┴─────────────────┴──────────────┴──────────────────┴────────────────────────┘
                                                 EXIT REASON STATS                                                 
┏━━━━━━━━━━━━━┳━━━━━━━┳━━━━━━━━━━━━━━┳━━━━━━━━━━━━━━━━━┳━━━━━━━━━━━━━━┳━━━━━━━━━━━━━━━━━━┳━━━━━━━━━━━━━━━━━━━━━━━━┓
┃ Exit Reason ┃ Exits ┃ Avg Profit % ┃ Tot Profit USDT ┃ Tot Profit % ┃     Avg Duration ┃  Win  Draw  Loss  Win% ┃
┡━━━━━━━━━━━━━╇━━━━━━━╇━━━━━━━━━━━━━━╇━━━━━━━━━━━━━━━━━╇━━━━━━━━━━━━━━╇━━━━━━━━━━━━━━━━━━╇━━━━━━━━━━━━━━━━━━━━━━━━┩
│ exit_signal │   130 │         1.51 │       14804.061 │       148.04 │ 7 days, 19:55:00 │   92     0    38  70.8 │
│       TOTAL │   130 │         1.51 │       14804.061 │       148.04 │ 7 days, 19:55:00 │   92     0    38  70.8 │
└─────────────┴───────┴──────────────┴─────────────────┴──────────────┴──────────────────┴────────────────────────┘
                                                        MIXED TAG STATS                                                         
┏━━━━━━━━━━━┳━━━━━━━━━━━━━┳━━━━━━━━┳━━━━━━━━━━━━━━┳━━━━━━━━━━━━━━━━━┳━━━━━━━━━━━━━━┳━━━━━━━━━━━━━━━━━━┳━━━━━━━━━━━━━━━━━━━━━━━━┓
┃ Enter Tag ┃ Exit Reason ┃ Trades ┃ Avg Profit % ┃ Tot Profit USDT ┃ Tot Profit % ┃     Avg Duration ┃  Win  Draw  Loss  Win% ┃
┡━━━━━━━━━━━╇━━━━━━━━━━━━━╇━━━━━━━━╇━━━━━━━━━━━━━━╇━━━━━━━━━━━━━━━━━╇━━━━━━━━━━━━━━╇━━━━━━━━━━━━━━━━━━╇━━━━━━━━━━━━━━━━━━━━━━━━┩
│           │ exit_signal │    130 │         1.51 │       14804.061 │       148.04 │ 7 days, 19:55:00 │   92     0    38  70.8 │
│     TOTAL │             │    130 │         1.51 │       14804.061 │       148.04 │ 7 days, 19:55:00 │   92     0    38  70.8 │
└───────────┴─────────────┴────────┴──────────────┴─────────────────┴──────────────┴──────────────────┴────────────────────────┘
                          SUMMARY METRICS                           
┏━━━━━━━━━━━━━━━━━━━━━━━━━━━━━━━┳━━━━━━━━━━━━━━━━━━━━━━━━━━━━━━━━━━┓
┃ Metric                        ┃ Value                            ┃
┡━━━━━━━━━━━━━━━━━━━━━━━━━━━━━━━╇━━━━━━━━━━━━━━━━━━━━━━━━━━━━━━━━━━┩
│ Backtesting from              │ 2023-01-09 18:00:00              │
│ Backtesting to                │ 2025-12-31 00:00:00              │
│ Trading Mode                  │ Spot                             │
│ Max open trades               │ 2                                │
│                               │                                  │
│ Total/Daily Avg Trades        │ 130 / 0.12                       │
│ Starting balance              │ 10000 USDT                       │
│ Final balance                 │ 24804.061 USDT                   │
│ Absolute profit               │ 14804.061 USDT                   │
│ Total profit %                │ 148.04%                          │
│ CAGR %                        │ 35.71%                           │
│ Sortino                       │ 0.57                             │
│ Sharpe                        │ 0.52                             │
│ Calmar                        │ 23.35                            │
│ SQN                           │ 2.61                             │
│ Profit factor                 │ 1.85                             │
│ Expectancy (Ratio)            │ 113.88 (0.25)                    │
│ Avg. daily profit             │ 13.632 USDT                      │
│ Avg. stake amount             │ 8351.424 USDT                    │
│ Total trade volume            │ 2190550.931 USDT                 │
│                               │                                  │
│ Best Pair                     │ BTC/USDT 100.49%                 │
│ Worst Pair                    │ ETH/USDT 47.55%                  │
│ Best trade                    │ ETH/USDT 13.87%                  │
│ Worst trade                   │ ETH/USDT -18.45%                 │
│ Best day                      │ 1488.009 USDT                    │
│ Worst day                     │ -2051.059 USDT                   │
│ Days win/draw/lose            │ 78 / 971 / 34                    │
│ Min/Max/Avg. Duration Winners │ 0d 01:00 / 27d 00:00 / 5d 02:16  │
│ Min/Max/Avg. Duration Losers  │ 4d 01:00 / 34d 05:00 / 14d 10:52 │
│ Max Consecutive Wins / Loss   │ 10 / 4                           │
│ Rejected Entry signals        │ 0                                │
│ Entry/Exit Timeouts           │ 0 / 0                            │
│                               │                                  │
│ Min balance                   │ 9817.724 USDT                    │
│ Max balance                   │ 27014.334 USDT                   │
│ Max % of account underwater   │ 11.88%                           │
│ Absolute drawdown             │ 3013.203 USDT (11.15%)           │
│ Drawdown duration             │ 81 days 15:00:00                 │
│ Profit at drawdown start      │ 17014.334 USDT                   │
│ Profit at drawdown end        │ 14001.131 USDT                   │
│ Drawdown start                │ 2025-09-12 01:00:00              │
│ Drawdown end                  │ 2025-12-02 16:00:00              │
│ Market change                 │ 265.43%                          │
└───────────────────────────────┴──────────────────────────────────┘

Backtested 2023-01-09 18:00:00 -> 2025-12-31 00:00:00 | Max open trades : 2
                                                             STRATEGY SUMMARY                                                             
┏━━━━━━━━━━━┳━━━━━━━━┳━━━━━━━━━━━━━━┳━━━━━━━━━━━━━━━━━┳━━━━━━━━━━━━━━┳━━━━━━━━━━━━━━━━━━┳━━━━━━━━━━━━━━━━━━━━━━━━┳━━━━━━━━━━━━━━━━━━━━━━━┓
┃  Strategy ┃ Trades ┃ Avg Profit % ┃ Tot Profit USDT ┃ Tot Profit % ┃     Avg Duration ┃  Win  Draw  Loss  Win% ┃              Drawdown ┃
┡━━━━━━━━━━━╇━━━━━━━━╇━━━━━━━━━━━━━━╇━━━━━━━━━━━━━━━━━╇━━━━━━━━━━━━━━╇━━━━━━━━━━━━━━━━━━╇━━━━━━━━━━━━━━━━━━━━━━━━╇━━━━━━━━━━━━━━━━━━━━━━━┩
│ MeanRevBB │    130 │         1.51 │       14804.061 │       148.04 │ 7 days, 19:55:00 │   92     0    38  70.8 │ 3013.203 USDT  11.15% │
└───────────┴────────┴──────────────┴─────────────────┴──────────────┴──────────────────┴────────────────────────┴───────────────────────┘
2026-04-23 13:37:31,837 - freqtrade.configuration.load_config - INFO - Using config: /Users/ame/2605dev/Auto-Quant/config.json ...
2026-04-23 13:37:31,838 - freqtrade.loggers - INFO - Enabling colorized output.
2026-04-23 13:37:31,838 - freqtrade.loggers - INFO - Logfile configured
2026-04-23 13:37:31,838 - freqtrade.loggers - INFO - Verbosity set to 0
2026-04-23 13:37:31,838 - freqtrade.configuration.configuration - INFO - Using additional Strategy lookup path: /Users/ame/2605dev/Auto-Quant/user_data/strategies
2026-04-23 13:37:31,838 - freqtrade.configuration.configuration - INFO - Using max_open_trades: 2 ...
2026-04-23 13:37:31,838 - freqtrade.configuration.configuration - INFO - Parameter --timerange detected: 20230101-20251231 ...
2026-04-23 13:37:31,838 - freqtrade.configuration.configuration - INFO - Using user-data directory: /Users/ame/2605dev/Auto-Quant/user_data ...
2026-04-23 13:37:31,838 - freqtrade.configuration.configuration - INFO - Using data directory: /Users/ame/2605dev/Auto-Quant/user_data/data ...
2026-04-23 13:37:31,839 - freqtrade.configuration.configuration - INFO - Parameter --export detected: none ...
2026-04-23 13:37:31,839 - freqtrade.configuration.configuration - INFO - Filter trades by timerange: 20230101-20251231
2026-04-23 13:37:31,839 - freqtrade.exchange.check_exchange - INFO - Checking exchange...
2026-04-23 13:37:31,842 - freqtrade.exchange.check_exchange - INFO - Exchange "binance" is officially supported by the Freqtrade development team.
2026-04-23 13:37:31,842 - freqtrade.configuration.configuration - INFO - Using pairlist from configuration.
2026-04-23 13:37:31,843 - freqtrade.exchange.exchange - INFO - Instance is running with dry_run enabled
2026-04-23 13:37:31,843 - freqtrade.exchange.exchange - INFO - Using CCXT 4.5.50
2026-04-23 13:37:31,849 - freqtrade.exchange.exchange - INFO - Using Exchange "Binance"
2026-04-23 13:37:32,294 - ccxt.base.exchange - WARNING - binance requires to release all resources with an explicit call to the .close() coroutine. If you are using the exchange instance with async 
coroutines, add `await exchange.close()` to your code into a place when you're done with the exchange and don't need the exchange instance anymore (at the end of your async coroutine).
2026-04-23 13:37:32,295 - asyncio - ERROR - Unclosed connector
connections: ['deque([(<aiohttp.client_proto.ResponseHandler object at 0x1280a7bd0>, 2140325.6285705)])', 'deque([(<aiohttp.client_proto.ResponseHandler object at 0x1280a7b60>, 2140325.747174166)])', 
'deque([(<aiohttp.client_proto.ResponseHandler object at 0x1280a7ee0>, 2140325.867266458)])']
connector: <aiohttp.connector.TCPConnector object at 0x1288eb350>
2026-04-23 13:37:32,597 - freqtrade.resolvers.exchange_resolver - INFO - Using resolved exchange 'Binance'...
2026-04-23 13:37:32,598 - freqtrade.resolvers.iresolver - INFO - Using resolved strategy TrendEMAStack from '/Users/ame/2605dev/Auto-Quant/user_data/strategies/TrendEMAStack.py'...
2026-04-23 13:37:32,598 - freqtrade.strategy.hyper - INFO - Found no parameter file.
2026-04-23 13:37:32,599 - freqtrade.resolvers.strategy_resolver - INFO - Override strategy 'timeframe' with value from the configuration: 1h.
2026-04-23 13:37:32,599 - freqtrade.resolvers.strategy_resolver - INFO - Override strategy 'stake_currency' with value from the configuration: USDT.
2026-04-23 13:37:32,599 - freqtrade.resolvers.strategy_resolver - INFO - Override strategy 'stake_amount' with value from the configuration: unlimited.
2026-04-23 13:37:32,599 - freqtrade.resolvers.strategy_resolver - INFO - Override strategy 'unfilledtimeout' with value from the configuration: {'entry': 10, 'exit': 10, 'exit_timeout_count': 0, 
'unit': 'minutes'}.
2026-04-23 13:37:32,599 - freqtrade.resolvers.strategy_resolver - INFO - Override strategy 'max_open_trades' with value from the configuration: 2.
2026-04-23 13:37:32,599 - freqtrade.resolvers.strategy_resolver - INFO - Strategy using minimal_roi: {'0': 100}
2026-04-23 13:37:32,600 - freqtrade.resolvers.strategy_resolver - INFO - Strategy using timeframe: 1h
2026-04-23 13:37:32,600 - freqtrade.resolvers.strategy_resolver - INFO - Strategy using stoploss: -0.99
2026-04-23 13:37:32,600 - freqtrade.resolvers.strategy_resolver - INFO - Strategy using trailing_stop: False
2026-04-23 13:37:32,600 - freqtrade.resolvers.strategy_resolver - INFO - Strategy using trailing_stop_positive_offset: 0.0
2026-04-23 13:37:32,600 - freqtrade.resolvers.strategy_resolver - INFO - Strategy using trailing_only_offset_is_reached: False
2026-04-23 13:37:32,600 - freqtrade.resolvers.strategy_resolver - INFO - Strategy using use_custom_stoploss: False
2026-04-23 13:37:32,600 - freqtrade.resolvers.strategy_resolver - INFO - Strategy using process_only_new_candles: True
2026-04-23 13:37:32,600 - freqtrade.resolvers.strategy_resolver - INFO - Strategy using order_types: {'entry': 'limit', 'exit': 'limit', 'stoploss': 'limit', 'stoploss_on_exchange': False, 
'stoploss_on_exchange_interval': 60, 'emergency_exit': 'market'}
2026-04-23 13:37:32,600 - freqtrade.resolvers.strategy_resolver - INFO - Strategy using order_time_in_force: {'entry': 'GTC', 'exit': 'GTC'}
2026-04-23 13:37:32,600 - freqtrade.resolvers.strategy_resolver - INFO - Strategy using stake_currency: USDT
2026-04-23 13:37:32,601 - freqtrade.resolvers.strategy_resolver - INFO - Strategy using stake_amount: unlimited
2026-04-23 13:37:32,601 - freqtrade.resolvers.strategy_resolver - INFO - Strategy using startup_candle_count: 210
2026-04-23 13:37:32,601 - freqtrade.resolvers.strategy_resolver - INFO - Strategy using unfilledtimeout: {'entry': 10, 'exit': 10, 'exit_timeout_count': 0, 'unit': 'minutes'}
2026-04-23 13:37:32,601 - freqtrade.resolvers.strategy_resolver - INFO - Strategy using use_exit_signal: True
2026-04-23 13:37:32,601 - freqtrade.resolvers.strategy_resolver - INFO - Strategy using exit_profit_only: False
2026-04-23 13:37:32,601 - freqtrade.resolvers.strategy_resolver - INFO - Strategy using ignore_roi_if_entry_signal: False
2026-04-23 13:37:32,601 - freqtrade.resolvers.strategy_resolver - INFO - Strategy using exit_profit_offset: 0.0
2026-04-23 13:37:32,601 - freqtrade.resolvers.strategy_resolver - INFO - Strategy using disable_dataframe_checks: False
2026-04-23 13:37:32,601 - freqtrade.resolvers.strategy_resolver - INFO - Strategy using ignore_buying_expired_candle_after: 0
2026-04-23 13:37:32,601 - freqtrade.resolvers.strategy_resolver - INFO - Strategy using position_adjustment_enable: False
2026-04-23 13:37:32,601 - freqtrade.resolvers.strategy_resolver - INFO - Strategy using max_entry_position_adjustment: -1
2026-04-23 13:37:32,602 - freqtrade.resolvers.strategy_resolver - INFO - Strategy using max_open_trades: 2
2026-04-23 13:37:32,602 - freqtrade.configuration.config_validation - INFO - Validating configuration ...
2026-04-23 13:37:32,604 - freqtrade.resolvers.iresolver - INFO - Using resolved pairlist StaticPairList from 
'/Users/ame/2605dev/Auto-Quant/.venv/lib/python3.11/site-packages/freqtrade/plugins/pairlist/StaticPairList.py'...
2026-04-23 13:37:32,608 - freqtrade.optimize.backtesting - INFO - Using fee 0.1000% from config.
2026-04-23 13:37:32,613 - freqtrade.data.history.datahandlers.idatahandler - WARNING - BTC/USDT, spot, 1h, data starts at 2023-01-01 00:00:00
2026-04-23 13:37:32,625 - freqtrade.data.history.datahandlers.idatahandler - WARNING - ETH/USDT, spot, 1h, data starts at 2023-01-01 00:00:00
2026-04-23 13:37:32,632 - freqtrade.optimize.backtesting - INFO - Loading data from 2023-01-01 00:00:00 up to 2025-12-31 00:00:00 (1095 days).
2026-04-23 13:37:32,632 - freqtrade.configuration.timerange - WARNING - Moving start-date by 210 candles to account for startup time.
2026-04-23 13:37:33,022 - freqtrade.optimize.backtesting - INFO - Dataload complete. Calculating indicators
2026-04-23 13:37:33,022 - freqtrade.optimize.backtesting - INFO - Running backtesting for Strategy TrendEMAStack
2026-04-23 13:37:33,028 - freqtrade.optimize.backtesting - INFO - Backtesting with data from 2023-01-09 18:00:00 up to 2025-12-31 00:00:00 (1086 days).
---
strategy:         MeanRevBB
commit:           99ee42c
timerange:        20230101-20251231
sharpe:           0.5248
sortino:          0.5652
calmar:           23.3487
total_profit_pct: 148.0406
max_drawdown_pct: -11.1541
trade_count:      130
win_rate_pct:     70.7692
profit_factor:    1.8472
pairs:            BTC/USDT,ETH/USDT

Result for strategy TrendEMAStack
                                              BACKTESTING REPORT                                               
┏━━━━━━━━━━┳━━━━━━━━┳━━━━━━━━━━━━━━┳━━━━━━━━━━━━━━━━━┳━━━━━━━━━━━━━━┳━━━━━━━━━━━━━━━━┳━━━━━━━━━━━━━━━━━━━━━━━━┓
┃     Pair ┃ Trades ┃ Avg Profit % ┃ Tot Profit USDT ┃ Tot Profit % ┃   Avg Duration ┃  Win  Draw  Loss  Win% ┃
┡━━━━━━━━━━╇━━━━━━━━╇━━━━━━━━━━━━━━╇━━━━━━━━━━━━━━━━━╇━━━━━━━━━━━━━━╇━━━━━━━━━━━━━━━━╇━━━━━━━━━━━━━━━━━━━━━━━━┩
│ ETH/USDT │     57 │         1.53 │        5769.583 │         57.7 │ 1 day, 8:16:00 │   21     0    36  36.8 │
│ BTC/USDT │     67 │         0.63 │        2195.581 │        21.96 │ 1 day, 6:38:00 │   22     0    45  32.8 │
│    TOTAL │    124 │         1.04 │        7965.164 │        79.65 │ 1 day, 7:23:00 │   43     0    81  34.7 │
└──────────┴────────┴──────────────┴─────────────────┴──────────────┴────────────────┴────────────────────────┘
                                         LEFT OPEN TRADES REPORT                                          
┏━━━━━━━┳━━━━━━━━┳━━━━━━━━━━━━━━┳━━━━━━━━━━━━━━━━━┳━━━━━━━━━━━━━━┳━━━━━━━━━━━━━━┳━━━━━━━━━━━━━━━━━━━━━━━━┓
┃  Pair ┃ Trades ┃ Avg Profit % ┃ Tot Profit USDT ┃ Tot Profit % ┃ Avg Duration ┃  Win  Draw  Loss  Win% ┃
┡━━━━━━━╇━━━━━━━━╇━━━━━━━━━━━━━━╇━━━━━━━━━━━━━━━━━╇━━━━━━━━━━━━━━╇━━━━━━━━━━━━━━╇━━━━━━━━━━━━━━━━━━━━━━━━┩
│ TOTAL │      0 │          0.0 │           0.000 │          0.0 │         0:00 │    0     0     0     0 │
└───────┴────────┴──────────────┴─────────────────┴──────────────┴──────────────┴────────────────────────┘
                                                 ENTER TAG STATS                                                 
┏━━━━━━━━━━━┳━━━━━━━━━┳━━━━━━━━━━━━━━┳━━━━━━━━━━━━━━━━━┳━━━━━━━━━━━━━━┳━━━━━━━━━━━━━━━━┳━━━━━━━━━━━━━━━━━━━━━━━━┓
┃ Enter Tag ┃ Entries ┃ Avg Profit % ┃ Tot Profit USDT ┃ Tot Profit % ┃   Avg Duration ┃  Win  Draw  Loss  Win% ┃
┡━━━━━━━━━━━╇━━━━━━━━━╇━━━━━━━━━━━━━━╇━━━━━━━━━━━━━━━━━╇━━━━━━━━━━━━━━╇━━━━━━━━━━━━━━━━╇━━━━━━━━━━━━━━━━━━━━━━━━┩
│     OTHER │     124 │         1.04 │        7965.164 │        79.65 │ 1 day, 7:23:00 │   43     0    81  34.7 │
│     TOTAL │     124 │         1.04 │        7965.164 │        79.65 │ 1 day, 7:23:00 │   43     0    81  34.7 │
└───────────┴─────────┴──────────────┴─────────────────┴──────────────┴────────────────┴────────────────────────┘
                                                EXIT REASON STATS                                                
┏━━━━━━━━━━━━━┳━━━━━━━┳━━━━━━━━━━━━━━┳━━━━━━━━━━━━━━━━━┳━━━━━━━━━━━━━━┳━━━━━━━━━━━━━━━━┳━━━━━━━━━━━━━━━━━━━━━━━━┓
┃ Exit Reason ┃ Exits ┃ Avg Profit % ┃ Tot Profit USDT ┃ Tot Profit % ┃   Avg Duration ┃  Win  Draw  Loss  Win% ┃
┡━━━━━━━━━━━━━╇━━━━━━━╇━━━━━━━━━━━━━━╇━━━━━━━━━━━━━━━━━╇━━━━━━━━━━━━━━╇━━━━━━━━━━━━━━━━╇━━━━━━━━━━━━━━━━━━━━━━━━┩
│ exit_signal │   124 │         1.04 │        7965.164 │        79.65 │ 1 day, 7:23:00 │   43     0    81  34.7 │
│       TOTAL │   124 │         1.04 │        7965.164 │        79.65 │ 1 day, 7:23:00 │   43     0    81  34.7 │
└─────────────┴───────┴──────────────┴─────────────────┴──────────────┴────────────────┴────────────────────────┘
                                                       MIXED TAG STATS                                                        
┏━━━━━━━━━━━┳━━━━━━━━━━━━━┳━━━━━━━━┳━━━━━━━━━━━━━━┳━━━━━━━━━━━━━━━━━┳━━━━━━━━━━━━━━┳━━━━━━━━━━━━━━━━┳━━━━━━━━━━━━━━━━━━━━━━━━┓
┃ Enter Tag ┃ Exit Reason ┃ Trades ┃ Avg Profit % ┃ Tot Profit USDT ┃ Tot Profit % ┃   Avg Duration ┃  Win  Draw  Loss  Win% ┃
┡━━━━━━━━━━━╇━━━━━━━━━━━━━╇━━━━━━━━╇━━━━━━━━━━━━━━╇━━━━━━━━━━━━━━━━━╇━━━━━━━━━━━━━━╇━━━━━━━━━━━━━━━━╇━━━━━━━━━━━━━━━━━━━━━━━━┩
│           │ exit_signal │    124 │         1.04 │        7965.164 │        79.65 │ 1 day, 7:23:00 │   43     0    81  34.7 │
│     TOTAL │             │    124 │         1.04 │        7965.164 │        79.65 │ 1 day, 7:23:00 │   43     0    81  34.7 │
└───────────┴─────────────┴────────┴──────────────┴─────────────────┴──────────────┴────────────────┴────────────────────────┘
                         SUMMARY METRICS                          
┏━━━━━━━━━━━━━━━━━━━━━━━━━━━━━━━┳━━━━━━━━━━━━━━━━━━━━━━━━━━━━━━━━┓
┃ Metric                        ┃ Value                          ┃
┡━━━━━━━━━━━━━━━━━━━━━━━━━━━━━━━╇━━━━━━━━━━━━━━━━━━━━━━━━━━━━━━━━┩
│ Backtesting from              │ 2023-01-09 18:00:00            │
│ Backtesting to                │ 2025-12-31 00:00:00            │
│ Trading Mode                  │ Spot                           │
│ Max open trades               │ 2                              │
│                               │                                │
│ Total/Daily Avg Trades        │ 124 / 0.11                     │
│ Starting balance              │ 10000 USDT                     │
│ Final balance                 │ 17965.164 USDT                 │
│ Absolute profit               │ 7965.164 USDT                  │
│ Total profit %                │ 79.65%                         │
│ CAGR %                        │ 21.76%                         │
│ Sortino                       │ 1.60                           │
│ Sharpe                        │ 0.36                           │
│ Calmar                        │ 16.96                          │
│ SQN                           │ 1.84                           │
│ Profit factor                 │ 1.92                           │
│ Expectancy (Ratio)            │ 64.24 (0.60)                   │
│ Avg. daily profit             │ 7.334 USDT                     │
│ Avg. stake amount             │ 7399.027 USDT                  │
│ Total trade volume            │ 1846613.375 USDT               │
│                               │                                │
│ Best Pair                     │ ETH/USDT 57.70%                │
│ Worst Pair                    │ BTC/USDT 21.96%                │
│ Best trade                    │ ETH/USDT 35.27%                │
│ Worst trade                   │ ETH/USDT -5.61%                │
│ Best day                      │ 2795.675 USDT                  │
│ Worst day                     │ -468.64 USDT                   │
│ Days win/draw/lose            │ 37 / 975 / 67                  │
│ Min/Max/Avg. Duration Winners │ 1d 00:00 / 5d 17:00 / 2d 12:29 │
│ Min/Max/Avg. Duration Losers  │ 0d 01:00 / 2d 04:00 / 0d 15:56 │
│ Max Consecutive Wins / Loss   │ 4 / 12                         │
│ Rejected Entry signals        │ 0                              │
│ Entry/Exit Timeouts           │ 0 / 0                          │
│                               │                                │
│ Min balance                   │ 10931.834 USDT                 │
│ Max balance                   │ 19582.954 USDT                 │
│ Max % of account underwater   │ 10.08%                         │
│ Absolute drawdown             │ 1617.79 USDT (8.26%)           │
│ Drawdown duration             │ 163 days 13:00:00              │
│ Profit at drawdown start      │ 9582.954 USDT                  │
│ Profit at drawdown end        │ 7965.164 USDT                  │
│ Drawdown start                │ 2025-07-19 00:00:00            │
│ Drawdown end                  │ 2025-12-29 13:00:00            │
│ Market change                 │ 265.43%                        │
└───────────────────────────────┴────────────────────────────────┘

Backtested 2023-01-09 18:00:00 -> 2025-12-31 00:00:00 | Max open trades : 2
                                                             STRATEGY SUMMARY                                                             
┏━━━━━━━━━━━━━━━┳━━━━━━━━┳━━━━━━━━━━━━━━┳━━━━━━━━━━━━━━━━━┳━━━━━━━━━━━━━━┳━━━━━━━━━━━━━━━━┳━━━━━━━━━━━━━━━━━━━━━━━━┳━━━━━━━━━━━━━━━━━━━━━┓
┃      Strategy ┃ Trades ┃ Avg Profit % ┃ Tot Profit USDT ┃ Tot Profit % ┃   Avg Duration ┃  Win  Draw  Loss  Win% ┃            Drawdown ┃
┡━━━━━━━━━━━━━━━╇━━━━━━━━╇━━━━━━━━━━━━━━╇━━━━━━━━━━━━━━━━━╇━━━━━━━━━━━━━━╇━━━━━━━━━━━━━━━━╇━━━━━━━━━━━━━━━━━━━━━━━━╇━━━━━━━━━━━━━━━━━━━━━┩
│ TrendEMAStack │    124 │         1.04 │        7965.164 │        79.65 │ 1 day, 7:23:00 │   43     0    81  34.7 │ 1617.79 USDT  8.26% │
└───────────────┴────────┴──────────────┴─────────────────┴──────────────┴────────────────┴────────────────────────┴─────────────────────┘
---
strategy:         TrendEMAStack
commit:           99ee42c
timerange:        20230101-20251231
sharpe:           0.3624
sortino:          1.5971
calmar:           16.9616
total_profit_pct: 79.6516
max_drawdown_pct: -8.2612
trade_count:      124
win_rate_pct:     34.6774
profit_factor:    1.9156
pairs:            BTC/USDT,ETH/USDT

Done: 3 succeeded, 0 failed.
